# JRE version: OpenJDK Runtime Environment Temurin-21.0.8+9 (21.0.8+9) (build 21.0.8+9-LTS)
# Java VM: OpenJDK 64-Bit Server VM Temurin-21.0.8+9 (21.0.8+9-LTS, mixed mode, sharing, tiered, compressed oops, compressed class ptrs, parallel gc, windows-amd64)
GC Precious Log:
 CardTable entry size: 512
 CPUs: 12 total, 12 available
 Memory: 7863M
 Large Page Support: Disabled
 NUMA Support: Disabled
 Compressed Oops: Enabled (32-bit)
 Alignments: Space 512K, Generation 512K, Heap 2M
 Heap Min Capacity: 100M
 Heap Initial Capacity: 100M
 Heap Max Capacity: 2G
 Pre-touch: Disabled
 Parallel Workers: 10
Heap:
 PSYoungGen      total 4608K, used 1730K [0x00000000d5580000, 0x00000000d5b80000, 0x0000000100000000)
  eden space 3072K, 41% used [0x00000000d5580000,0x00000000d56c09b0,0x00000000d5880000)
  from space 1536K, 29% used [0x00000000d5880000,0x00000000d58f0000,0x00000000d5a00000)
  to   space 1024K, 0% used [0x00000000d5a80000,0x00000000d5a80000,0x00000000d5b80000)
 ParOldGen       total 236544K, used 236260K [0x0000000080000000, 0x000000008e700000, 0x00000000d5580000)
  object space 236544K, 99% used [0x0000000080000000,0x000000008e6b91a0,0x000000008e700000)
 Metaspace       used 95446K, committed 97344K, reserved 1179648K
  class space    used 9428K, committed 10304K, reserved 1048576K
GC Heap History (20 events):
Event: 44126.595 GC heap before
{Heap before GC invocations=5320 (full 8):
 PSYoungGen      total 4608K, used 4064K [0x00000000d5580000, 0x00000000d5c00000, 0x0000000100000000)
  eden space 2048K, 100% used [0x00000000d5580000,0x00000000d5780000,0x00000000d5780000)
  from space 2560K, 78% used [0x00000000d5780000,0x00000000d5978000,0x00000000d5a00000)
  to   space 2048K, 0% used [0x00000000d5a00000,0x00000000d5a00000,0x00000000d5c00000)
 ParOldGen       total 210432K, used 197727K [0x0000000080000000, 0x000000008cd80000, 0x00000000d5580000)
  object space 210432K, 93% used [0x0000000080000000,0x000000008c117d10,0x000000008cd80000)
 Metaspace       used 95289K, committed 97344K, reserved 1179648K
  class space    used 9409K, committed 10304K, reserved 1048576K
}
Event: 44126.603 GC heap after
{Heap after GC invocations=5320 (full 8):
 PSYoungGen      total 4608K, used 1736K [0x00000000d5580000, 0x00000000d5c00000, 0x0000000100000000)
  eden space 2560K, 0% used [0x00000000d5580000,0x00000000d5580000,0x00000000d5800000)
  from space 2048K, 84% used [0x00000000d5a00000,0x00000000d5bb2000,0x00000000d5c00000)
  to   space 2048K, 0% used [0x00000000d5800000,0x00000000d5800000,0x00000000d5a00000)
 ParOldGen       total 210432K, used 199703K [0x0000000080000000, 0x000000008cd80000, 0x00000000d5580000)
  object space 210432K, 94% used [0x0000000080000000,0x000000008c305d10,0x000000008cd80000)
 Metaspace       used 95289K, committed 97344K, reserved 1179648K
  class space    used 9409K, committed 10304K, reserved 1048576K
}
Event: 44126.648 GC heap before
{Heap before GC invocations=5321 (full 8):
 PSYoungGen      total 4608K, used 4296K [0x00000000d5580000, 0x00000000d5c00000, 0x0000000100000000)
  eden space 2560K, 100% used [0x00000000d5580000,0x00000000d5800000,0x00000000d5800000)
  from space 2048K, 84% used [0x00000000d5a00000,0x00000000d5bb2000,0x00000000d5c00000)
  to   space 2048K, 0% used [0x00000000d5800000,0x00000000d5800000,0x00000000d5a00000)
 ParOldGen       total 210432K, used 207383K [0x0000000080000000, 0x000000008cd80000, 0x00000000d5580000)
  object space 210432K, 98% used [0x0000000080000000,0x000000008ca85d20,0x000000008cd80000)
 Metaspace       used 95291K, committed 97344K, reserved 1179648K
  class space    used 9409K, committed 10304K, reserved 1048576K
}
Event: 44126.658 GC heap after
{Heap after GC invocations=5321 (full 8):
 PSYoungGen      total 4608K, used 2032K [0x00000000d5580000, 0x00000000d5e80000, 0x0000000100000000)
  eden space 2560K, 0% used [0x00000000d5580000,0x00000000d5580000,0x00000000d5800000)
  from space 2048K, 99% used [0x00000000d5800000,0x00000000d59fc010,0x00000000d5a00000)
  to   space 3072K, 0% used [0x00000000d5b80000,0x00000000d5b80000,0x00000000d5e80000)
 ParOldGen       total 210432K, used 208223K [0x0000000080000000, 0x000000008cd80000, 0x00000000d5580000)
  object space 210432K, 98% used [0x0000000080000000,0x000000008cb57d40,0x000000008cd80000)
 Metaspace       used 95291K, committed 97344K, reserved 1179648K
  class space    used 9409K, committed 10304K, reserved 1048576K
}
Event: 44204.209 GC heap before
{Heap before GC invocations=5322 (full 8):
 PSYoungGen      total 4608K, used 4592K [0x00000000d5580000, 0x00000000d5e80000, 0x0000000100000000)
  eden space 2560K, 100% used [0x00000000d5580000,0x00000000d5800000,0x00000000d5800000)
  from space 2048K, 99% used [0x00000000d5800000,0x00000000d59fc010,0x00000000d5a00000)
  to   space 3072K, 0% used [0x00000000d5b80000,0x00000000d5b80000,0x00000000d5e80000)
 ParOldGen       total 233984K, used 231263K [0x0000000080000000, 0x000000008e480000, 0x00000000d5580000)
  object space 233984K, 98% used [0x0000000080000000,0x000000008e1d7d60,0x000000008e480000)
 Metaspace       used 95305K, committed 97344K, reserved 1179648K
  class space    used 9409K, committed 10304K, reserved 1048576K
}
Event: 44204.238 GC heap after
{Heap after GC invocations=5322 (full 8):
 PSYoungGen      total 3584K, used 352K [0x00000000d5580000, 0x00000000d5c00000, 0x0000000100000000)
  eden space 3072K, 0% used [0x00000000d5580000,0x00000000d5580000,0x00000000d5880000)
  from space 512K, 68% used [0x00000000d5b80000,0x00000000d5bd8000,0x00000000d5c00000)
  to   space 1536K, 0% used [0x00000000d5900000,0x00000000d5900000,0x00000000d5a80000)
 ParOldGen       total 233984K, used 233111K [0x0000000080000000, 0x000000008e480000, 0x00000000d5580000)
  object space 233984K, 99% used [0x0000000080000000,0x000000008e3a5d60,0x000000008e480000)
 Metaspace       used 95305K, committed 97344K, reserved 1179648K
  class space    used 9409K, committed 10304K, reserved 1048576K
}
Event: 44205.348 GC heap before
{Heap before GC invocations=5323 (full 8):
 PSYoungGen      total 3584K, used 3420K [0x00000000d5580000, 0x00000000d5c00000, 0x0000000100000000)
  eden space 3072K, 99% used [0x00000000d5580000,0x00000000d587f350,0x00000000d5880000)
  from space 512K, 68% used [0x00000000d5b80000,0x00000000d5bd8000,0x00000000d5c00000)
  to   space 1536K, 0% used [0x00000000d5900000,0x00000000d5900000,0x00000000d5a80000)
 ParOldGen       total 233984K, used 233111K [0x0000000080000000, 0x000000008e480000, 0x00000000d5580000)
  object space 233984K, 99% used [0x0000000080000000,0x000000008e3a5d60,0x000000008e480000)
 Metaspace       used 95305K, committed 97344K, reserved 1179648K
  class space    used 9409K, committed 10304K, reserved 1048576K
}
Event: 44205.352 GC heap after
{Heap after GC invocations=5323 (full 8):
 PSYoungGen      total 4608K, used 320K [0x00000000d5580000, 0x00000000d5c00000, 0x0000000100000000)
  eden space 3072K, 0% used [0x00000000d5580000,0x00000000d5580000,0x00000000d5880000)
  from space 1536K, 20% used [0x00000000d5900000,0x00000000d5950000,0x00000000d5a80000)
  to   space 512K, 0% used [0x00000000d5b80000,0x00000000d5b80000,0x00000000d5c00000)
 ParOldGen       total 233984K, used 233294K [0x0000000080000000, 0x000000008e480000, 0x00000000d5580000)
  object space 233984K, 99% used [0x0000000080000000,0x000000008e3d3bd0,0x000000008e480000)
 Metaspace       used 95305K, committed 97344K, reserved 1179648K
  class space    used 9409K, committed 10304K, reserved 1048576K
}
Event: 44205.417 GC heap before
{Heap before GC invocations=5324 (full 8):
 PSYoungGen      total 4608K, used 3392K [0x00000000d5580000, 0x00000000d5c00000, 0x0000000100000000)
  eden space 3072K, 100% used [0x00000000d5580000,0x00000000d5880000,0x00000000d5880000)
  from space 1536K, 20% used [0x00000000d5900000,0x00000000d5950000,0x00000000d5a80000)
  to   space 512K, 0% used [0x00000000d5b80000,0x00000000d5b80000,0x00000000d5c00000)
 ParOldGen       total 233984K, used 233294K [0x0000000080000000, 0x000000008e480000, 0x00000000d5580000)
  object space 233984K, 99% used [0x0000000080000000,0x000000008e3d3bd0,0x000000008e480000)
 Metaspace       used 95305K, committed 97344K, reserved 1179648K
  class space    used 9409K, committed 10304K, reserved 1048576K
}
Event: 44205.421 GC heap after
{Heap after GC invocations=5324 (full 8):
 PSYoungGen      total 3584K, used 506K [0x00000000d5580000, 0x00000000d5c00000, 0x0000000100000000)
  eden space 3072K, 0% used [0x00000000d5580000,0x00000000d5580000,0x00000000d5880000)
  from space 512K, 98% used [0x00000000d5b80000,0x00000000d5bfe900,0x00000000d5c00000)
  to   space 1024K, 0% used [0x00000000d5a00000,0x00000000d5a00000,0x00000000d5b00000)
 ParOldGen       total 233984K, used 233594K [0x0000000080000000, 0x000000008e480000, 0x00000000d5580000)
  object space 233984K, 99% used [0x0000000080000000,0x000000008e41e9a8,0x000000008e480000)
 Metaspace       used 95305K, committed 97344K, reserved 1179648K
  class space    used 9409K, committed 10304K, reserved 1048576K
}
Event: 44205.546 GC heap before
{Heap before GC invocations=5325 (full 8):
 PSYoungGen      total 3584K, used 3578K [0x00000000d5580000, 0x00000000d5c00000, 0x0000000100000000)
  eden space 3072K, 100% used [0x00000000d5580000,0x00000000d5880000,0x00000000d5880000)
  from space 512K, 98% used [0x00000000d5b80000,0x00000000d5bfe900,0x00000000d5c00000)
  to   space 1024K, 0% used [0x00000000d5a00000,0x00000000d5a00000,0x00000000d5b00000)
 ParOldGen       total 233984K, used 233594K [0x0000000080000000, 0x000000008e480000, 0x00000000d5580000)
  object space 233984K, 99% used [0x0000000080000000,0x000000008e41e9a8,0x000000008e480000)
 Metaspace       used 95305K, committed 97344K, reserved 1179648K
  class space    used 9409K, committed 10304K, reserved 1048576K
}
Event: 44205.548 GC heap after
{Heap after GC invocations=5325 (full 8):
 PSYoungGen      total 4096K, used 768K [0x00000000d5580000, 0x00000000d5c00000, 0x0000000100000000)
  eden space 3072K, 0% used [0x00000000d5580000,0x00000000d5580000,0x00000000d5880000)
  from space 1024K, 75% used [0x00000000d5a00000,0x00000000d5ac0000,0x00000000d5b00000)
  to   space 1024K, 0% used [0x00000000d5b00000,0x00000000d5b00000,0x00000000d5c00000)
 ParOldGen       total 234496K, used 234093K [0x0000000080000000, 0x000000008e500000, 0x00000000d5580000)
  object space 234496K, 99% used [0x0000000080000000,0x000000008e49b708,0x000000008e500000)
 Metaspace       used 95305K, committed 97344K, reserved 1179648K
  class space    used 9409K, committed 10304K, reserved 1048576K
}
Event: 44310.931 GC heap before
{Heap before GC invocations=5326 (full 8):
 PSYoungGen      total 4096K, used 3840K [0x00000000d5580000, 0x00000000d5c00000, 0x0000000100000000)
  eden space 3072K, 100% used [0x00000000d5580000,0x00000000d5880000,0x00000000d5880000)
  from space 1024K, 75% used [0x00000000d5a00000,0x00000000d5ac0000,0x00000000d5b00000)
  to   space 1024K, 0% used [0x00000000d5b00000,0x00000000d5b00000,0x00000000d5c00000)
 ParOldGen       total 234496K, used 234093K [0x0000000080000000, 0x000000008e500000, 0x00000000d5580000)
  object space 234496K, 99% used [0x0000000080000000,0x000000008e49b708,0x000000008e500000)
 Metaspace       used 95305K, committed 97344K, reserved 1179648K
  class space    used 9409K, committed 10304K, reserved 1048576K
}
Event: 44310.938 GC heap after
{Heap after GC invocations=5326 (full 8):
 PSYoungGen      total 4096K, used 624K [0x00000000d5580000, 0x00000000d5c00000, 0x0000000100000000)
  eden space 3072K, 0% used [0x00000000d5580000,0x00000000d5580000,0x00000000d5880000)
  from space 1024K, 60% used [0x00000000d5b00000,0x00000000d5b9c010,0x00000000d5c00000)
  to   space 1024K, 0% used [0x00000000d5a00000,0x00000000d5a00000,0x00000000d5b00000)
 ParOldGen       total 235008K, used 234721K [0x0000000080000000, 0x000000008e580000, 0x00000000d5580000)
  object space 235008K, 99% used [0x0000000080000000,0x000000008e538718,0x000000008e580000)
 Metaspace       used 95305K, committed 97344K, reserved 1179648K
  class space    used 9409K, committed 10304K, reserved 1048576K
}
Event: 44310.947 GC heap before
{Heap before GC invocations=5327 (full 8):
 PSYoungGen      total 4096K, used 3696K [0x00000000d5580000, 0x00000000d5c00000, 0x0000000100000000)
  eden space 3072K, 100% used [0x00000000d5580000,0x00000000d5880000,0x00000000d5880000)
  from space 1024K, 60% used [0x00000000d5b00000,0x00000000d5b9c010,0x00000000d5c00000)
  to   space 1024K, 0% used [0x00000000d5a00000,0x00000000d5a00000,0x00000000d5b00000)
 ParOldGen       total 235008K, used 234721K [0x0000000080000000, 0x000000008e580000, 0x00000000d5580000)
  object space 235008K, 99% used [0x0000000080000000,0x000000008e538718,0x000000008e580000)
 Metaspace       used 95305K, committed 97344K, reserved 1179648K
  class space    used 9409K, committed 10304K, reserved 1048576K
}
Event: 44310.953 GC heap after
{Heap after GC invocations=5327 (full 8):
 PSYoungGen      total 4096K, used 736K [0x00000000d5580000, 0x00000000d5b80000, 0x0000000100000000)
  eden space 3072K, 0% used [0x00000000d5580000,0x00000000d5580000,0x00000000d5880000)
  from space 1024K, 71% used [0x00000000d5a00000,0x00000000d5ab8000,0x00000000d5b00000)
  to   space 512K, 0% used [0x00000000d5b00000,0x00000000d5b00000,0x00000000d5b80000)
 ParOldGen       total 235520K, used 235150K [0x0000000080000000, 0x000000008e600000, 0x00000000d5580000)
  object space 235520K, 99% used [0x0000000080000000,0x000000008e5a3870,0x000000008e600000)
 Metaspace       used 95305K, committed 97344K, reserved 1179648K
  class space    used 9409K, committed 10304K, reserved 1048576K
}
Event: 44400.004 GC heap before
{Heap before GC invocations=5328 (full 8):
 PSYoungGen      total 4096K, used 3807K [0x00000000d5580000, 0x00000000d5b80000, 0x0000000100000000)
  eden space 3072K, 99% used [0x00000000d5580000,0x00000000d587fff0,0x00000000d5880000)
  from space 1024K, 71% used [0x00000000d5a00000,0x00000000d5ab8000,0x00000000d5b00000)
  to   space 512K, 0% used [0x00000000d5b00000,0x00000000d5b00000,0x00000000d5b80000)
 ParOldGen       total 235520K, used 235150K [0x0000000080000000, 0x000000008e600000, 0x00000000d5580000)
  object space 235520K, 99% used [0x0000000080000000,0x000000008e5a3870,0x000000008e600000)
 Metaspace       used 95357K, committed 97344K, reserved 1179648K
  class space    used 9417K, committed 10304K, reserved 1048576K
}
Event: 44400.028 GC heap after
{Heap after GC invocations=5328 (full 8):
 PSYoungGen      total 3584K, used 512K [0x00000000d5580000, 0x00000000d5b80000, 0x0000000100000000)
  eden space 3072K, 0% used [0x00000000d5580000,0x00000000d5580000,0x00000000d5880000)
  from space 512K, 100% used [0x00000000d5b00000,0x00000000d5b80000,0x00000000d5b80000)
  to   space 1536K, 0% used [0x00000000d5880000,0x00000000d5880000,0x00000000d5a00000)
 ParOldGen       total 236032K, used 235870K [0x0000000080000000, 0x000000008e680000, 0x00000000d5580000)
  object space 236032K, 99% used [0x0000000080000000,0x000000008e657a20,0x000000008e680000)
 Metaspace       used 95357K, committed 97344K, reserved 1179648K
  class space    used 9417K, committed 10304K, reserved 1048576K
}
Event: 44619.883 GC heap before
{Heap before GC invocations=5329 (full 8):
 PSYoungGen      total 3584K, used 3584K [0x00000000d5580000, 0x00000000d5b80000, 0x0000000100000000)
  eden space 3072K, 100% used [0x00000000d5580000,0x00000000d5880000,0x00000000d5880000)
  from space 512K, 100% used [0x00000000d5b00000,0x00000000d5b80000,0x00000000d5b80000)
  to   space 1536K, 0% used [0x00000000d5880000,0x00000000d5880000,0x00000000d5a00000)
 ParOldGen       total 236032K, used 235870K [0x0000000080000000, 0x000000008e680000, 0x00000000d5580000)
  object space 236032K, 99% used [0x0000000080000000,0x000000008e657a20,0x000000008e680000)
 Metaspace       used 95442K, committed 97344K, reserved 1179648K
  class space    used 9428K, committed 10304K, reserved 1048576K
}
Event: 44620.003 GC heap after
{Heap after GC invocations=5329 (full 8):
 PSYoungGen      total 4608K, used 448K [0x00000000d5580000, 0x00000000d5b80000, 0x0000000100000000)
  eden space 3072K, 0% used [0x00000000d5580000,0x00000000d5580000,0x00000000d5880000)
  from space 1536K, 29% used [0x00000000d5880000,0x00000000d58f0000,0x00000000d5a00000)
  to   space 1024K, 0% used [0x00000000d5a80000,0x00000000d5a80000,0x00000000d5b80000)
 ParOldGen       total 236544K, used 236260K [0x0000000080000000, 0x000000008e700000, 0x00000000d5580000)
  object space 236544K, 99% used [0x0000000080000000,0x000000008e6b91a0,0x000000008e700000)
 Metaspace       used 95442K, committed 97344K, reserved 1179648K
  class space    used 9428K, committed 10304K, reserved 1048576K
}

